<?xml version="1.0" encoding="UTF-8"?>
<coverage generated="1575052885724" clover="3.2.0">
  <project timestamp="1575052885726" name="All files">
    <metrics statements="109" coveredstatements="109" conditionals="36" coveredconditionals="36" methods="52" coveredmethods="52" elements="197" coveredelements="197" complexity="0" loc="109" ncloc="109" packages="2" files="6" classes="6"/>
    <package name="src">
      <metrics statements="47" coveredstatements="47" conditionals="21" coveredconditionals="21" methods="19" coveredmethods="19"/>
      <file name="ast.js" path="/home/egor_efimov/HEXLET/projects/frontend-project-lvl2/src/ast.js">
        <metrics statements="28" coveredstatements="28" conditionals="21" coveredconditionals="21" methods="13" coveredmethods="13"/>
        <line num="3" count="1" type="stmt"/>
        <line num="6" count="96" type="cond" truecount="2" falsecount="0"/>
        <line num="10" count="66" type="cond" truecount="4" falsecount="0"/>
        <line num="14" count="48" type="stmt"/>
        <line num="18" count="36" type="cond" truecount="3" falsecount="0"/>
        <line num="21" count="1" type="stmt"/>
        <line num="22" count="246" type="stmt"/>
        <line num="24" count="1" type="stmt"/>
        <line num="27" count="96" type="cond" truecount="2" falsecount="0"/>
        <line num="31" count="78" type="cond" truecount="2" falsecount="0"/>
        <line num="34" count="1" type="stmt"/>
        <line num="35" count="174" type="stmt"/>
        <line num="37" count="1" type="stmt"/>
        <line num="38" count="24" type="stmt"/>
        <line num="39" count="24" type="stmt"/>
        <line num="40" count="84" type="stmt"/>
        <line num="41" count="24" type="stmt"/>
        <line num="42" count="24" type="stmt"/>
        <line num="43" count="96" type="stmt"/>
        <line num="50" count="96" type="stmt"/>
        <line num="51" count="96" type="cond" truecount="2" falsecount="0"/>
        <line num="52" count="18" type="stmt"/>
        <line num="53" count="18" type="stmt"/>
        <line num="55" count="78" type="cond" truecount="2" falsecount="0"/>
        <line num="56" count="78" type="cond" truecount="4" falsecount="0"/>
        <line num="57" count="78" type="stmt"/>
        <line num="58" count="78" type="stmt"/>
        <line num="60" count="24" type="stmt"/>
      </file>
      <file name="index.js" path="/home/egor_efimov/HEXLET/projects/frontend-project-lvl2/src/index.js">
        <metrics statements="14" coveredstatements="14" conditionals="0" coveredconditionals="0" methods="2" coveredmethods="2"/>
        <line num="7" count="1" type="stmt"/>
        <line num="8" count="12" type="stmt"/>
        <line num="9" count="12" type="stmt"/>
        <line num="10" count="12" type="stmt"/>
        <line num="14" count="6" type="stmt"/>
        <line num="15" count="6" type="stmt"/>
        <line num="16" count="6" type="stmt"/>
        <line num="17" count="6" type="stmt"/>
        <line num="18" count="6" type="stmt"/>
        <line num="19" count="6" type="stmt"/>
        <line num="20" count="6" type="stmt"/>
        <line num="21" count="6" type="stmt"/>
        <line num="22" count="6" type="stmt"/>
        <line num="23" count="6" type="stmt"/>
      </file>
      <file name="parsers.js" path="/home/egor_efimov/HEXLET/projects/frontend-project-lvl2/src/parsers.js">
        <metrics statements="5" coveredstatements="5" conditionals="0" coveredconditionals="0" methods="4" coveredmethods="4"/>
        <line num="4" count="1" type="stmt"/>
        <line num="5" count="4" type="stmt"/>
        <line num="6" count="4" type="stmt"/>
        <line num="7" count="4" type="stmt"/>
        <line num="9" count="12" type="stmt"/>
      </file>
    </package>
    <package name="src.formatters">
      <metrics statements="62" coveredstatements="62" conditionals="15" coveredconditionals="15" methods="33" coveredmethods="33"/>
      <file name="nested.js" path="/home/egor_efimov/HEXLET/projects/frontend-project-lvl2/src/formatters/nested.js">
        <metrics statements="28" coveredstatements="28" conditionals="5" coveredconditionals="5" methods="14" coveredmethods="14"/>
        <line num="2" count="1" type="stmt"/>
        <line num="3" count="39" type="cond" truecount="2" falsecount="0"/>
        <line num="4" count="15" type="stmt"/>
        <line num="5" count="15" type="stmt"/>
        <line num="6" count="15" type="stmt"/>
        <line num="8" count="24" type="stmt"/>
        <line num="10" count="39" type="stmt"/>
        <line num="11" count="1" type="stmt"/>
        <line num="13" count="15" type="stmt"/>
        <line num="14" count="39" type="stmt"/>
        <line num="17" count="9" type="stmt"/>
        <line num="18" count="24" type="stmt"/>
        <line num="21" count="6" type="stmt"/>
        <line num="22" count="15" type="stmt"/>
        <line num="25" count="9" type="stmt"/>
        <line num="26" count="9" type="stmt"/>
        <line num="29" count="1" type="stmt"/>
        <line num="30" count="87" type="stmt"/>
        <line num="32" count="1" type="stmt"/>
        <line num="33" count="1" type="cond" truecount="1" falsecount="0"/>
        <line num="34" count="12" type="stmt"/>
        <line num="35" count="12" type="stmt"/>
        <line num="36" count="48" type="cond" truecount="2" falsecount="0"/>
        <line num="37" count="39" type="stmt"/>
        <line num="38" count="39" type="stmt"/>
        <line num="39" count="39" type="stmt"/>
        <line num="41" count="12" type="stmt"/>
        <line num="42" count="12" type="stmt"/>
      </file>
      <file name="plain.js" path="/home/egor_efimov/HEXLET/projects/frontend-project-lvl2/src/formatters/plain.js">
        <metrics statements="27" coveredstatements="27" conditionals="10" coveredconditionals="10" methods="13" coveredmethods="13"/>
        <line num="1" count="1" type="stmt"/>
        <line num="2" count="33" type="cond" truecount="2" falsecount="0"/>
        <line num="3" count="12" type="stmt"/>
        <line num="5" count="21" type="cond" truecount="2" falsecount="0"/>
        <line num="6" count="15" type="stmt"/>
        <line num="8" count="6" type="stmt"/>
        <line num="11" count="1" type="stmt"/>
        <line num="13" count="15" type="stmt"/>
        <line num="14" count="30" type="stmt"/>
        <line num="17" count="9" type="stmt"/>
        <line num="18" count="15" type="stmt"/>
        <line num="21" count="6" type="stmt"/>
        <line num="22" count="6" type="stmt"/>
        <line num="26" count="1" type="stmt"/>
        <line num="27" count="51" type="stmt"/>
        <line num="30" count="48" type="cond" truecount="2" falsecount="0"/>
        <line num="32" count="1" type="cond" truecount="2" falsecount="0"/>
        <line num="33" count="12" type="stmt"/>
        <line num="34" count="12" type="stmt"/>
        <line num="35" count="39" type="stmt"/>
        <line num="36" count="39" type="cond" truecount="2" falsecount="0"/>
        <line num="37" count="9" type="stmt"/>
        <line num="39" count="30" type="stmt"/>
        <line num="40" count="30" type="stmt"/>
        <line num="41" count="30" type="stmt"/>
        <line num="43" count="12" type="stmt"/>
        <line num="46" count="3" type="stmt"/>
      </file>
      <file name="selector.js" path="/home/egor_efimov/HEXLET/projects/frontend-project-lvl2/src/formatters/selector.js">
        <metrics statements="7" coveredstatements="7" conditionals="0" coveredconditionals="0" methods="6" coveredmethods="6"/>
        <line num="4" count="1" type="stmt"/>
        <line num="6" count="3" type="stmt"/>
        <line num="7" count="6" type="stmt"/>
        <line num="10" count="3" type="stmt"/>
        <line num="11" count="3" type="stmt"/>
        <line num="15" count="1" type="stmt"/>
        <line num="16" count="9" type="stmt"/>
      </file>
    </package>
  </project>
</coverage>
