{"/home/egor_efimov/HEXLET/projects/frontend-project-lvl2/src/ast.js": {"path":"/home/egor_efimov/HEXLET/projects/frontend-project-lvl2/src/ast.js","statementMap":{"0":{"start":{"line":3,"column":21},"end":{"line":20,"column":1}},"1":{"start":{"line":6,"column":33},"end":{"line":6,"column":70}},"2":{"start":{"line":10,"column":39},"end":{"line":10,"column":124}},"3":{"start":{"line":14,"column":33},"end":{"line":14,"column":50}},"4":{"start":{"line":18,"column":32},"end":{"line":18,"column":99}},"5":{"start":{"line":21,"column":18},"end":{"line":23,"column":1}},"6":{"start":{"line":22,"column":2},"end":{"line":22,"column":80}},"7":{"start":{"line":22,"column":35},"end":{"line":22,"column":72}},"8":{"start":{"line":24,"column":14},"end":{"line":33,"column":1}},"9":{"start":{"line":27,"column":33},"end":{"line":27,"column":91}},"10":{"start":{"line":31,"column":32},"end":{"line":31,"column":93}},"11":{"start":{"line":34,"column":16},"end":{"line":36,"column":1}},"12":{"start":{"line":35,"column":2},"end":{"line":35,"column":65}},"13":{"start":{"line":35,"column":28},"end":{"line":35,"column":59}},"14":{"start":{"line":37,"column":15},"end":{"line":61,"column":1}},"15":{"start":{"line":38,"column":15},"end":{"line":38,"column":32}},"16":{"start":{"line":39,"column":15},"end":{"line":39,"column":32}},"17":{"start":{"line":40,"column":19},"end":{"line":40,"column":56}},"18":{"start":{"line":40,"column":38},"end":{"line":40,"column":55}},"19":{"start":{"line":41,"column":18},"end":{"line":41,"column":39}},"20":{"start":{"line":42,"column":18},"end":{"line":59,"column":8}},"21":{"start":{"line":43,"column":17},"end":{"line":49,"column":5}},"22":{"start":{"line":50,"column":4},"end":{"line":50,"column":54}},"23":{"start":{"line":51,"column":4},"end":{"line":54,"column":5}},"24":{"start":{"line":52,"column":6},"end":{"line":52,"column":47}},"25":{"start":{"line":53,"column":6},"end":{"line":53,"column":28}},"26":{"start":{"line":55,"column":4},"end":{"line":55,"column":39}},"27":{"start":{"line":56,"column":4},"end":{"line":56,"column":68}},"28":{"start":{"line":57,"column":4},"end":{"line":57,"column":23}},"29":{"start":{"line":58,"column":4},"end":{"line":58,"column":26}},"30":{"start":{"line":60,"column":2},"end":{"line":60,"column":17}}},"fnMap":{"0":{"name":"(anonymous_0)","decl":{"start":{"line":6,"column":11},"end":{"line":6,"column":12}},"loc":{"start":{"line":6,"column":33},"end":{"line":6,"column":70}},"line":6},"1":{"name":"(anonymous_1)","decl":{"start":{"line":10,"column":11},"end":{"line":10,"column":12}},"loc":{"start":{"line":10,"column":39},"end":{"line":10,"column":124}},"line":10},"2":{"name":"(anonymous_2)","decl":{"start":{"line":14,"column":11},"end":{"line":14,"column":12}},"loc":{"start":{"line":14,"column":33},"end":{"line":14,"column":50}},"line":14},"3":{"name":"(anonymous_3)","decl":{"start":{"line":18,"column":11},"end":{"line":18,"column":12}},"loc":{"start":{"line":18,"column":32},"end":{"line":18,"column":99}},"line":18},"4":{"name":"(anonymous_4)","decl":{"start":{"line":21,"column":18},"end":{"line":21,"column":19}},"loc":{"start":{"line":22,"column":2},"end":{"line":22,"column":80}},"line":22},"5":{"name":"(anonymous_5)","decl":{"start":{"line":22,"column":20},"end":{"line":22,"column":21}},"loc":{"start":{"line":22,"column":35},"end":{"line":22,"column":72}},"line":22},"6":{"name":"(anonymous_6)","decl":{"start":{"line":27,"column":11},"end":{"line":27,"column":12}},"loc":{"start":{"line":27,"column":33},"end":{"line":27,"column":91}},"line":27},"7":{"name":"(anonymous_7)","decl":{"start":{"line":31,"column":11},"end":{"line":31,"column":12}},"loc":{"start":{"line":31,"column":32},"end":{"line":31,"column":93}},"line":31},"8":{"name":"(anonymous_8)","decl":{"start":{"line":34,"column":16},"end":{"line":34,"column":17}},"loc":{"start":{"line":35,"column":2},"end":{"line":35,"column":65}},"line":35},"9":{"name":"(anonymous_9)","decl":{"start":{"line":35,"column":13},"end":{"line":35,"column":14}},"loc":{"start":{"line":35,"column":28},"end":{"line":35,"column":59}},"line":35},"10":{"name":"(anonymous_10)","decl":{"start":{"line":37,"column":15},"end":{"line":37,"column":16}},"loc":{"start":{"line":37,"column":31},"end":{"line":61,"column":1}},"line":37},"11":{"name":"(anonymous_11)","decl":{"start":{"line":40,"column":31},"end":{"line":40,"column":32}},"loc":{"start":{"line":40,"column":38},"end":{"line":40,"column":55}},"line":40},"12":{"name":"(anonymous_12)","decl":{"start":{"line":42,"column":33},"end":{"line":42,"column":34}},"loc":{"start":{"line":42,"column":45},"end":{"line":59,"column":3}},"line":42}},"branchMap":{"0":{"loc":{"start":{"line":6,"column":33},"end":{"line":6,"column":70}},"type":"binary-expr","locations":[{"start":{"line":6,"column":33},"end":{"line":6,"column":50}},{"start":{"line":6,"column":54},"end":{"line":6,"column":70}}],"line":6},"1":{"loc":{"start":{"line":10,"column":39},"end":{"line":10,"column":124}},"type":"binary-expr","locations":[{"start":{"line":10,"column":39},"end":{"line":10,"column":55}},{"start":{"line":10,"column":59},"end":{"line":10,"column":75}},{"start":{"line":10,"column":80},"end":{"line":10,"column":103}},{"start":{"line":10,"column":109},"end":{"line":10,"column":123}}],"line":10},"2":{"loc":{"start":{"line":18,"column":32},"end":{"line":18,"column":99}},"type":"binary-expr","locations":[{"start":{"line":18,"column":33},"end":{"line":18,"column":56}},{"start":{"line":18,"column":62},"end":{"line":18,"column":78}},{"start":{"line":18,"column":82},"end":{"line":18,"column":98}}],"line":18},"3":{"loc":{"start":{"line":27,"column":33},"end":{"line":27,"column":91}},"type":"binary-expr","locations":[{"start":{"line":27,"column":33},"end":{"line":27,"column":60}},{"start":{"line":27,"column":64},"end":{"line":27,"column":91}}],"line":27},"4":{"loc":{"start":{"line":31,"column":34},"end":{"line":31,"column":92}},"type":"binary-expr","locations":[{"start":{"line":31,"column":34},"end":{"line":31,"column":61}},{"start":{"line":31,"column":65},"end":{"line":31,"column":92}}],"line":31},"5":{"loc":{"start":{"line":51,"column":4},"end":{"line":54,"column":5}},"type":"if","locations":[{"start":{"line":51,"column":4},"end":{"line":54,"column":5}},{"start":{"line":51,"column":4},"end":{"line":54,"column":5}}],"line":51},"6":{"loc":{"start":{"line":55,"column":23},"end":{"line":55,"column":38}},"type":"binary-expr","locations":[{"start":{"line":55,"column":23},"end":{"line":55,"column":30}},{"start":{"line":55,"column":34},"end":{"line":55,"column":38}}],"line":55},"7":{"loc":{"start":{"line":56,"column":22},"end":{"line":56,"column":67}},"type":"cond-expr","locations":[{"start":{"line":56,"column":44},"end":{"line":56,"column":49}},{"start":{"line":56,"column":52},"end":{"line":56,"column":67}}],"line":56},"8":{"loc":{"start":{"line":56,"column":52},"end":{"line":56,"column":67}},"type":"binary-expr","locations":[{"start":{"line":56,"column":52},"end":{"line":56,"column":59}},{"start":{"line":56,"column":63},"end":{"line":56,"column":67}}],"line":56}},"s":{"0":1,"1":96,"2":66,"3":48,"4":36,"5":1,"6":96,"7":246,"8":1,"9":96,"10":78,"11":1,"12":96,"13":174,"14":1,"15":24,"16":24,"17":24,"18":84,"19":24,"20":24,"21":96,"22":96,"23":96,"24":18,"25":18,"26":78,"27":78,"28":78,"29":78,"30":24},"f":{"0":96,"1":66,"2":48,"3":36,"4":96,"5":246,"6":96,"7":78,"8":96,"9":174,"10":24,"11":84,"12":96},"b":{"0":[96,30],"1":[66,54,54,36],"2":[36,18,18],"3":[96,30],"4":[78,12],"5":[18,78],"6":[78,30],"7":[6,72],"8":[72,12]},"_coverageSchema":"43e27e138ebf9cfc5966b082cf9a028302ed4184","hash":"5ab72fb6139feb6cb7bf7e05bb0723caad742278"}
,"/home/egor_efimov/HEXLET/projects/frontend-project-lvl2/src/index.js": {"path":"/home/egor_efimov/HEXLET/projects/frontend-project-lvl2/src/index.js","statementMap":{"0":{"start":{"line":7,"column":17},"end":{"line":11,"column":1}},"1":{"start":{"line":8,"column":25},"end":{"line":8,"column":47}},"2":{"start":{"line":9,"column":15},"end":{"line":9,"column":54}},"3":{"start":{"line":10,"column":2},"end":{"line":10,"column":14}},"4":{"start":{"line":14,"column":15},"end":{"line":14,"column":40}},"5":{"start":{"line":15,"column":15},"end":{"line":15,"column":41}},"6":{"start":{"line":16,"column":16},"end":{"line":16,"column":37}},"7":{"start":{"line":17,"column":16},"end":{"line":17,"column":38}},"8":{"start":{"line":18,"column":15},"end":{"line":18,"column":34}},"9":{"start":{"line":19,"column":15},"end":{"line":19,"column":34}},"10":{"start":{"line":20,"column":14},"end":{"line":20,"column":32}},"11":{"start":{"line":21,"column":21},"end":{"line":21,"column":38}},"12":{"start":{"line":22,"column":17},"end":{"line":22,"column":28}},"13":{"start":{"line":23,"column":2},"end":{"line":23,"column":16}}},"fnMap":{"0":{"name":"(anonymous_0)","decl":{"start":{"line":7,"column":17},"end":{"line":7,"column":18}},"loc":{"start":{"line":7,"column":31},"end":{"line":11,"column":1}},"line":7},"1":{"name":"(anonymous_1)","decl":{"start":{"line":13,"column":14},"end":{"line":13,"column":15}},"loc":{"start":{"line":13,"column":53},"end":{"line":24,"column":1}},"line":13}},"branchMap":{},"s":{"0":1,"1":12,"2":12,"3":12,"4":6,"5":6,"6":6,"7":6,"8":6,"9":6,"10":6,"11":6,"12":6,"13":6},"f":{"0":12,"1":6},"b":{},"_coverageSchema":"43e27e138ebf9cfc5966b082cf9a028302ed4184","hash":"144d5929fdff61ff177d0270dcffc66fc56e384a"}
,"/home/egor_efimov/HEXLET/projects/frontend-project-lvl2/src/parsers.js": {"path":"/home/egor_efimov/HEXLET/projects/frontend-project-lvl2/src/parsers.js","statementMap":{"0":{"start":{"line":4,"column":12},"end":{"line":8,"column":1}},"1":{"start":{"line":5,"column":16},"end":{"line":5,"column":29}},"2":{"start":{"line":6,"column":15},"end":{"line":6,"column":31}},"3":{"start":{"line":7,"column":15},"end":{"line":7,"column":27}},"4":{"start":{"line":9,"column":30},"end":{"line":9,"column":44}}},"fnMap":{"0":{"name":"(anonymous_0)","decl":{"start":{"line":5,"column":11},"end":{"line":5,"column":12}},"loc":{"start":{"line":5,"column":16},"end":{"line":5,"column":29}},"line":5},"1":{"name":"(anonymous_1)","decl":{"start":{"line":6,"column":10},"end":{"line":6,"column":11}},"loc":{"start":{"line":6,"column":15},"end":{"line":6,"column":31}},"line":6},"2":{"name":"(anonymous_2)","decl":{"start":{"line":7,"column":10},"end":{"line":7,"column":11}},"loc":{"start":{"line":7,"column":15},"end":{"line":7,"column":27}},"line":7},"3":{"name":"(anonymous_3)","decl":{"start":{"line":9,"column":15},"end":{"line":9,"column":16}},"loc":{"start":{"line":9,"column":30},"end":{"line":9,"column":44}},"line":9}},"branchMap":{},"s":{"0":1,"1":4,"2":4,"3":4,"4":12},"f":{"0":4,"1":4,"2":4,"3":12},"b":{},"_coverageSchema":"43e27e138ebf9cfc5966b082cf9a028302ed4184","hash":"eeb7b4e9cb6169de2656f3496dd9952d89f06d48"}
,"/home/egor_efimov/HEXLET/projects/frontend-project-lvl2/src/formatters/nested.js": {"path":"/home/egor_efimov/HEXLET/projects/frontend-project-lvl2/src/formatters/nested.js","statementMap":{"0":{"start":{"line":2,"column":25},"end":{"line":9,"column":1}},"1":{"start":{"line":3,"column":2},"end":{"line":7,"column":3}},"2":{"start":{"line":4,"column":16},"end":{"line":4,"column":39}},"3":{"start":{"line":5,"column":18},"end":{"line":5,"column":43}},"4":{"start":{"line":6,"column":4},"end":{"line":6,"column":56}},"5":{"start":{"line":8,"column":2},"end":{"line":8,"column":17}},"6":{"start":{"line":10,"column":17},"end":{"line":10,"column":58}},"7":{"start":{"line":10,"column":26},"end":{"line":10,"column":58}},"8":{"start":{"line":11,"column":16},"end":{"line":28,"column":1}},"9":{"start":{"line":13,"column":44},"end":{"line":13,"column":108}},"10":{"start":{"line":14,"column":22},"end":{"line":14,"column":40}},"11":{"start":{"line":17,"column":44},"end":{"line":17,"column":172}},"12":{"start":{"line":18,"column":22},"end":{"line":18,"column":41}},"13":{"start":{"line":21,"column":36},"end":{"line":21,"column":100}},"14":{"start":{"line":22,"column":22},"end":{"line":22,"column":42}},"15":{"start":{"line":25,"column":36},"end":{"line":25,"column":63}},"16":{"start":{"line":26,"column":22},"end":{"line":26,"column":44}},"17":{"start":{"line":29,"column":19},"end":{"line":31,"column":1}},"18":{"start":{"line":30,"column":2},"end":{"line":30,"column":39}},"19":{"start":{"line":30,"column":30},"end":{"line":30,"column":38}},"20":{"start":{"line":32,"column":22},"end":{"line":32,"column":35}},"21":{"start":{"line":33,"column":18},"end":{"line":43,"column":1}},"22":{"start":{"line":34,"column":23},"end":{"line":34,"column":56}},"23":{"start":{"line":35,"column":17},"end":{"line":40,"column":8}},"24":{"start":{"line":36,"column":4},"end":{"line":36,"column":110}},"25":{"start":{"line":36,"column":26},"end":{"line":36,"column":110}},"26":{"start":{"line":37,"column":23},"end":{"line":37,"column":43}},"27":{"start":{"line":38,"column":20},"end":{"line":38,"column":77}},"28":{"start":{"line":39,"column":4},"end":{"line":39,"column":29}},"29":{"start":{"line":41,"column":17},"end":{"line":41,"column":34}},"30":{"start":{"line":42,"column":2},"end":{"line":42,"column":42}}},"fnMap":{"0":{"name":"(anonymous_0)","decl":{"start":{"line":2,"column":25},"end":{"line":2,"column":26}},"loc":{"start":{"line":2,"column":45},"end":{"line":9,"column":1}},"line":2},"1":{"name":"(anonymous_1)","decl":{"start":{"line":10,"column":17},"end":{"line":10,"column":18}},"loc":{"start":{"line":10,"column":26},"end":{"line":10,"column":58}},"line":10},"2":{"name":"(anonymous_2)","decl":{"start":{"line":13,"column":12},"end":{"line":13,"column":13}},"loc":{"start":{"line":13,"column":44},"end":{"line":13,"column":108}},"line":13},"3":{"name":"(anonymous_3)","decl":{"start":{"line":14,"column":11},"end":{"line":14,"column":12}},"loc":{"start":{"line":14,"column":22},"end":{"line":14,"column":40}},"line":14},"4":{"name":"(anonymous_4)","decl":{"start":{"line":17,"column":12},"end":{"line":17,"column":13}},"loc":{"start":{"line":17,"column":44},"end":{"line":17,"column":172}},"line":17},"5":{"name":"(anonymous_5)","decl":{"start":{"line":18,"column":11},"end":{"line":18,"column":12}},"loc":{"start":{"line":18,"column":22},"end":{"line":18,"column":41}},"line":18},"6":{"name":"(anonymous_6)","decl":{"start":{"line":21,"column":12},"end":{"line":21,"column":13}},"loc":{"start":{"line":21,"column":36},"end":{"line":21,"column":100}},"line":21},"7":{"name":"(anonymous_7)","decl":{"start":{"line":22,"column":11},"end":{"line":22,"column":12}},"loc":{"start":{"line":22,"column":22},"end":{"line":22,"column":42}},"line":22},"8":{"name":"(anonymous_8)","decl":{"start":{"line":25,"column":12},"end":{"line":25,"column":13}},"loc":{"start":{"line":25,"column":36},"end":{"line":25,"column":63}},"line":25},"9":{"name":"(anonymous_9)","decl":{"start":{"line":26,"column":11},"end":{"line":26,"column":12}},"loc":{"start":{"line":26,"column":22},"end":{"line":26,"column":44}},"line":26},"10":{"name":"(anonymous_10)","decl":{"start":{"line":29,"column":19},"end":{"line":29,"column":20}},"loc":{"start":{"line":30,"column":2},"end":{"line":30,"column":39}},"line":30},"11":{"name":"(anonymous_11)","decl":{"start":{"line":30,"column":15},"end":{"line":30,"column":16}},"loc":{"start":{"line":30,"column":30},"end":{"line":30,"column":38}},"line":30},"12":{"name":"(anonymous_12)","decl":{"start":{"line":33,"column":18},"end":{"line":33,"column":19}},"loc":{"start":{"line":33,"column":46},"end":{"line":43,"column":1}},"line":33},"13":{"name":"(anonymous_13)","decl":{"start":{"line":35,"column":28},"end":{"line":35,"column":29}},"loc":{"start":{"line":35,"column":40},"end":{"line":40,"column":3}},"line":35}},"branchMap":{"0":{"loc":{"start":{"line":3,"column":2},"end":{"line":7,"column":3}},"type":"if","locations":[{"start":{"line":3,"column":2},"end":{"line":7,"column":3}},{"start":{"line":3,"column":2},"end":{"line":7,"column":3}}],"line":3},"1":{"loc":{"start":{"line":33,"column":24},"end":{"line":33,"column":41}},"type":"default-arg","locations":[{"start":{"line":33,"column":39},"end":{"line":33,"column":41}}],"line":33},"2":{"loc":{"start":{"line":36,"column":4},"end":{"line":36,"column":110}},"type":"if","locations":[{"start":{"line":36,"column":4},"end":{"line":36,"column":110}},{"start":{"line":36,"column":4},"end":{"line":36,"column":110}}],"line":36}},"s":{"0":1,"1":39,"2":15,"3":15,"4":15,"5":24,"6":1,"7":39,"8":1,"9":15,"10":39,"11":9,"12":24,"13":6,"14":15,"15":9,"16":9,"17":1,"18":39,"19":87,"20":1,"21":1,"22":12,"23":12,"24":48,"25":9,"26":39,"27":39,"28":39,"29":12,"30":12},"f":{"0":39,"1":39,"2":15,"3":39,"4":9,"5":24,"6":6,"7":15,"8":9,"9":9,"10":39,"11":87,"12":12,"13":48},"b":{"0":[15,24],"1":[3],"2":[9,39]},"_coverageSchema":"43e27e138ebf9cfc5966b082cf9a028302ed4184","hash":"5c2641bae269e2c848f249308fa94b8df86f66ff"}
,"/home/egor_efimov/HEXLET/projects/frontend-project-lvl2/src/formatters/plain.js": {"path":"/home/egor_efimov/HEXLET/projects/frontend-project-lvl2/src/formatters/plain.js","statementMap":{"0":{"start":{"line":1,"column":23},"end":{"line":9,"column":1}},"1":{"start":{"line":2,"column":2},"end":{"line":4,"column":3}},"2":{"start":{"line":3,"column":4},"end":{"line":3,"column":29}},"3":{"start":{"line":5,"column":2},"end":{"line":7,"column":3}},"4":{"start":{"line":6,"column":4},"end":{"line":6,"column":26}},"5":{"start":{"line":8,"column":2},"end":{"line":8,"column":17}},"6":{"start":{"line":11,"column":16},"end":{"line":24,"column":1}},"7":{"start":{"line":13,"column":30},"end":{"line":13,"column":94}},"8":{"start":{"line":14,"column":22},"end":{"line":14,"column":40}},"9":{"start":{"line":17,"column":30},"end":{"line":17,"column":115}},"10":{"start":{"line":18,"column":22},"end":{"line":18,"column":41}},"11":{"start":{"line":21,"column":20},"end":{"line":21,"column":52}},"12":{"start":{"line":22,"column":22},"end":{"line":22,"column":42}},"13":{"start":{"line":26,"column":19},"end":{"line":28,"column":1}},"14":{"start":{"line":27,"column":2},"end":{"line":27,"column":39}},"15":{"start":{"line":27,"column":30},"end":{"line":27,"column":38}},"16":{"start":{"line":30,"column":18},"end":{"line":30,"column":69}},"17":{"start":{"line":30,"column":24},"end":{"line":30,"column":68}},"18":{"start":{"line":32,"column":21},"end":{"line":44,"column":1}},"19":{"start":{"line":33,"column":22},"end":{"line":33,"column":43}},"20":{"start":{"line":34,"column":20},"end":{"line":42,"column":12}},"21":{"start":{"line":35,"column":24},"end":{"line":35,"column":45}},"22":{"start":{"line":36,"column":4},"end":{"line":38,"column":5}},"23":{"start":{"line":37,"column":6},"end":{"line":37,"column":56}},"24":{"start":{"line":39,"column":23},"end":{"line":39,"column":43}},"25":{"start":{"line":40,"column":20},"end":{"line":40,"column":78}},"26":{"start":{"line":41,"column":4},"end":{"line":41,"column":31}},"27":{"start":{"line":43,"column":2},"end":{"line":43,"column":19}},"28":{"start":{"line":46,"column":23},"end":{"line":46,"column":58}},"29":{"start":{"line":46,"column":30},"end":{"line":46,"column":58}}},"fnMap":{"0":{"name":"(anonymous_0)","decl":{"start":{"line":1,"column":23},"end":{"line":1,"column":24}},"loc":{"start":{"line":1,"column":36},"end":{"line":9,"column":1}},"line":1},"1":{"name":"(anonymous_1)","decl":{"start":{"line":13,"column":12},"end":{"line":13,"column":13}},"loc":{"start":{"line":13,"column":30},"end":{"line":13,"column":94}},"line":13},"2":{"name":"(anonymous_2)","decl":{"start":{"line":14,"column":11},"end":{"line":14,"column":12}},"loc":{"start":{"line":14,"column":22},"end":{"line":14,"column":40}},"line":14},"3":{"name":"(anonymous_3)","decl":{"start":{"line":17,"column":12},"end":{"line":17,"column":13}},"loc":{"start":{"line":17,"column":30},"end":{"line":17,"column":115}},"line":17},"4":{"name":"(anonymous_4)","decl":{"start":{"line":18,"column":11},"end":{"line":18,"column":12}},"loc":{"start":{"line":18,"column":22},"end":{"line":18,"column":41}},"line":18},"5":{"name":"(anonymous_5)","decl":{"start":{"line":21,"column":12},"end":{"line":21,"column":13}},"loc":{"start":{"line":21,"column":20},"end":{"line":21,"column":52}},"line":21},"6":{"name":"(anonymous_6)","decl":{"start":{"line":22,"column":11},"end":{"line":22,"column":12}},"loc":{"start":{"line":22,"column":22},"end":{"line":22,"column":42}},"line":22},"7":{"name":"(anonymous_7)","decl":{"start":{"line":26,"column":19},"end":{"line":26,"column":20}},"loc":{"start":{"line":27,"column":2},"end":{"line":27,"column":39}},"line":27},"8":{"name":"(anonymous_8)","decl":{"start":{"line":27,"column":15},"end":{"line":27,"column":16}},"loc":{"start":{"line":27,"column":30},"end":{"line":27,"column":38}},"line":27},"9":{"name":"(anonymous_9)","decl":{"start":{"line":30,"column":18},"end":{"line":30,"column":19}},"loc":{"start":{"line":30,"column":24},"end":{"line":30,"column":68}},"line":30},"10":{"name":"(anonymous_10)","decl":{"start":{"line":32,"column":21},"end":{"line":32,"column":22}},"loc":{"start":{"line":32,"column":58},"end":{"line":44,"column":1}},"line":32},"11":{"name":"(anonymous_11)","decl":{"start":{"line":34,"column":39},"end":{"line":34,"column":40}},"loc":{"start":{"line":34,"column":51},"end":{"line":42,"column":3}},"line":34},"12":{"name":"(anonymous_12)","decl":{"start":{"line":46,"column":23},"end":{"line":46,"column":24}},"loc":{"start":{"line":46,"column":30},"end":{"line":46,"column":58}},"line":46}},"branchMap":{"0":{"loc":{"start":{"line":2,"column":2},"end":{"line":4,"column":3}},"type":"if","locations":[{"start":{"line":2,"column":2},"end":{"line":4,"column":3}},{"start":{"line":2,"column":2},"end":{"line":4,"column":3}}],"line":2},"1":{"loc":{"start":{"line":5,"column":2},"end":{"line":7,"column":3}},"type":"if","locations":[{"start":{"line":5,"column":2},"end":{"line":7,"column":3}},{"start":{"line":5,"column":2},"end":{"line":7,"column":3}}],"line":5},"2":{"loc":{"start":{"line":30,"column":24},"end":{"line":30,"column":68}},"type":"binary-expr","locations":[{"start":{"line":30,"column":24},"end":{"line":30,"column":48}},{"start":{"line":30,"column":52},"end":{"line":30,"column":68}}],"line":30},"3":{"loc":{"start":{"line":32,"column":27},"end":{"line":32,"column":38}},"type":"default-arg","locations":[{"start":{"line":32,"column":36},"end":{"line":32,"column":38}}],"line":32},"4":{"loc":{"start":{"line":32,"column":40},"end":{"line":32,"column":53}},"type":"default-arg","locations":[{"start":{"line":32,"column":51},"end":{"line":32,"column":53}}],"line":32},"5":{"loc":{"start":{"line":36,"column":4},"end":{"line":38,"column":5}},"type":"if","locations":[{"start":{"line":36,"column":4},"end":{"line":38,"column":5}},{"start":{"line":36,"column":4},"end":{"line":38,"column":5}}],"line":36}},"s":{"0":1,"1":33,"2":12,"3":21,"4":15,"5":6,"6":1,"7":15,"8":30,"9":9,"10":15,"11":6,"12":6,"13":1,"14":30,"15":51,"16":1,"17":48,"18":1,"19":12,"20":12,"21":39,"22":39,"23":9,"24":30,"25":30,"26":30,"27":12,"28":1,"29":3},"f":{"0":33,"1":15,"2":30,"3":9,"4":15,"5":6,"6":6,"7":30,"8":51,"9":48,"10":12,"11":39,"12":3},"b":{"0":[12,21],"1":[15,6],"2":[48,18],"3":[3],"4":[3],"5":[9,30]},"_coverageSchema":"43e27e138ebf9cfc5966b082cf9a028302ed4184","hash":"0297ca714453356406e8bb8bb85d5e7031206ca5"}
,"/home/egor_efimov/HEXLET/projects/frontend-project-lvl2/src/formatters/selector.js": {"path":"/home/egor_efimov/HEXLET/projects/frontend-project-lvl2/src/formatters/selector.js","statementMap":{"0":{"start":{"line":4,"column":16},"end":{"line":13,"column":1}},"1":{"start":{"line":6,"column":19},"end":{"line":6,"column":38}},"2":{"start":{"line":7,"column":22},"end":{"line":7,"column":40}},"3":{"start":{"line":10,"column":19},"end":{"line":10,"column":39}},"4":{"start":{"line":11,"column":22},"end":{"line":11,"column":41}},"5":{"start":{"line":15,"column":18},"end":{"line":17,"column":1}},"6":{"start":{"line":16,"column":2},"end":{"line":16,"column":39}},"7":{"start":{"line":16,"column":30},"end":{"line":16,"column":38}}},"fnMap":{"0":{"name":"(anonymous_0)","decl":{"start":{"line":6,"column":12},"end":{"line":6,"column":13}},"loc":{"start":{"line":6,"column":19},"end":{"line":6,"column":38}},"line":6},"1":{"name":"(anonymous_1)","decl":{"start":{"line":7,"column":11},"end":{"line":7,"column":12}},"loc":{"start":{"line":7,"column":22},"end":{"line":7,"column":40}},"line":7},"2":{"name":"(anonymous_2)","decl":{"start":{"line":10,"column":12},"end":{"line":10,"column":13}},"loc":{"start":{"line":10,"column":19},"end":{"line":10,"column":39}},"line":10},"3":{"name":"(anonymous_3)","decl":{"start":{"line":11,"column":11},"end":{"line":11,"column":12}},"loc":{"start":{"line":11,"column":22},"end":{"line":11,"column":41}},"line":11},"4":{"name":"(anonymous_4)","decl":{"start":{"line":15,"column":18},"end":{"line":15,"column":19}},"loc":{"start":{"line":16,"column":2},"end":{"line":16,"column":39}},"line":16},"5":{"name":"(anonymous_5)","decl":{"start":{"line":16,"column":15},"end":{"line":16,"column":16}},"loc":{"start":{"line":16,"column":30},"end":{"line":16,"column":38}},"line":16}},"branchMap":{},"s":{"0":1,"1":3,"2":6,"3":3,"4":3,"5":1,"6":6,"7":9},"f":{"0":3,"1":6,"2":3,"3":3,"4":6,"5":9},"b":{},"_coverageSchema":"43e27e138ebf9cfc5966b082cf9a028302ed4184","hash":"bf05fec02a4037b7fed08b0fc843e4586c5d665a"}
}
