{"/home/egor_efimov/HEXLET/projects/frontend-project-lvl2/src/index.js": {"path":"/home/egor_efimov/HEXLET/projects/frontend-project-lvl2/src/index.js","statementMap":{"0":{"start":{"line":5,"column":16},"end":{"line":31,"column":1}},"1":{"start":{"line":6,"column":20},"end":{"line":6,"column":45}},"2":{"start":{"line":7,"column":21},"end":{"line":7,"column":47}},"3":{"start":{"line":8,"column":22},"end":{"line":8,"column":56}},"4":{"start":{"line":9,"column":22},"end":{"line":9,"column":57}},"5":{"start":{"line":10,"column":16},"end":{"line":10,"column":39}},"6":{"start":{"line":11,"column":16},"end":{"line":11,"column":39}},"7":{"start":{"line":12,"column":15},"end":{"line":12,"column":36}},"8":{"start":{"line":13,"column":15},"end":{"line":13,"column":36}},"9":{"start":{"line":14,"column":19},"end":{"line":14,"column":61}},"10":{"start":{"line":14,"column":42},"end":{"line":14,"column":60}},"11":{"start":{"line":15,"column":14},"end":{"line":15,"column":35}},"12":{"start":{"line":16,"column":18},"end":{"line":27,"column":8}},"13":{"start":{"line":17,"column":4},"end":{"line":19,"column":5}},"14":{"start":{"line":18,"column":6},"end":{"line":18,"column":46}},"15":{"start":{"line":20,"column":4},"end":{"line":22,"column":5}},"16":{"start":{"line":21,"column":6},"end":{"line":21,"column":75}},"17":{"start":{"line":23,"column":4},"end":{"line":25,"column":5}},"18":{"start":{"line":24,"column":6},"end":{"line":24,"column":46}},"19":{"start":{"line":26,"column":4},"end":{"line":26,"column":44}},"20":{"start":{"line":28,"column":17},"end":{"line":28,"column":35}},"21":{"start":{"line":29,"column":15},"end":{"line":29,"column":32}},"22":{"start":{"line":30,"column":2},"end":{"line":30,"column":14}}},"fnMap":{"0":{"name":"(anonymous_0)","decl":{"start":{"line":5,"column":16},"end":{"line":5,"column":17}},"loc":{"start":{"line":5,"column":47},"end":{"line":31,"column":1}},"line":5},"1":{"name":"(anonymous_1)","decl":{"start":{"line":14,"column":31},"end":{"line":14,"column":32}},"loc":{"start":{"line":14,"column":42},"end":{"line":14,"column":60}},"line":14},"2":{"name":"(anonymous_2)","decl":{"start":{"line":16,"column":29},"end":{"line":16,"column":30}},"loc":{"start":{"line":16,"column":52},"end":{"line":27,"column":3}},"line":16}},"branchMap":{"0":{"loc":{"start":{"line":17,"column":4},"end":{"line":19,"column":5}},"type":"if","locations":[{"start":{"line":17,"column":4},"end":{"line":19,"column":5}},{"start":{"line":17,"column":4},"end":{"line":19,"column":5}}],"line":17},"1":{"loc":{"start":{"line":17,"column":8},"end":{"line":17,"column":47}},"type":"binary-expr","locations":[{"start":{"line":17,"column":8},"end":{"line":17,"column":25}},{"start":{"line":17,"column":29},"end":{"line":17,"column":47}}],"line":17},"2":{"loc":{"start":{"line":20,"column":4},"end":{"line":22,"column":5}},"type":"if","locations":[{"start":{"line":20,"column":4},"end":{"line":22,"column":5}},{"start":{"line":20,"column":4},"end":{"line":22,"column":5}}],"line":20},"3":{"loc":{"start":{"line":20,"column":8},"end":{"line":20,"column":49}},"type":"binary-expr","locations":[{"start":{"line":20,"column":8},"end":{"line":20,"column":25}},{"start":{"line":20,"column":29},"end":{"line":20,"column":49}}],"line":20},"4":{"loc":{"start":{"line":23,"column":4},"end":{"line":25,"column":5}},"type":"if","locations":[{"start":{"line":23,"column":4},"end":{"line":25,"column":5}},{"start":{"line":23,"column":4},"end":{"line":25,"column":5}}],"line":23}},"s":{"0":1,"1":2,"2":2,"3":2,"4":2,"5":2,"6":2,"7":2,"8":2,"9":2,"10":6,"11":2,"12":2,"13":10,"14":2,"15":8,"16":2,"17":6,"18":4,"19":2,"20":2,"21":2,"22":2},"f":{"0":2,"1":6,"2":10},"b":{"0":[2,8],"1":[10,6],"2":[2,6],"3":[8,4],"4":[4,2]},"_coverageSchema":"43e27e138ebf9cfc5966b082cf9a028302ed4184","hash":"5cac16a677b3cf6813560ff2d002f937bcab5026"}
}
