TN:
SF:/home/egor_efimov/HEXLET/projects/frontend-project-lvl2/src/ast.js
FN:6,(anonymous_0)
FN:10,(anonymous_1)
FN:14,(anonymous_2)
FN:18,(anonymous_3)
FN:21,(anonymous_4)
FN:22,(anonymous_5)
FN:27,(anonymous_6)
FN:31,(anonymous_7)
FN:34,(anonymous_8)
FN:35,(anonymous_9)
FN:37,(anonymous_10)
FN:40,(anonymous_11)
FN:42,(anonymous_12)
FNF:13
FNH:13
FNDA:96,(anonymous_0)
FNDA:66,(anonymous_1)
FNDA:48,(anonymous_2)
FNDA:36,(anonymous_3)
FNDA:96,(anonymous_4)
FNDA:246,(anonymous_5)
FNDA:96,(anonymous_6)
FNDA:78,(anonymous_7)
FNDA:96,(anonymous_8)
FNDA:174,(anonymous_9)
FNDA:24,(anonymous_10)
FNDA:84,(anonymous_11)
FNDA:96,(anonymous_12)
DA:3,1
DA:6,96
DA:10,66
DA:14,48
DA:18,36
DA:21,1
DA:22,246
DA:24,1
DA:27,96
DA:31,78
DA:34,1
DA:35,174
DA:37,1
DA:38,24
DA:39,24
DA:40,84
DA:41,24
DA:42,24
DA:43,96
DA:50,96
DA:51,96
DA:52,18
DA:53,18
DA:55,78
DA:56,78
DA:57,78
DA:58,78
DA:60,24
LF:28
LH:28
BRDA:6,0,0,96
BRDA:6,0,1,30
BRDA:10,1,0,66
BRDA:10,1,1,54
BRDA:10,1,2,54
BRDA:10,1,3,36
BRDA:18,2,0,36
BRDA:18,2,1,18
BRDA:18,2,2,18
BRDA:27,3,0,96
BRDA:27,3,1,30
BRDA:31,4,0,78
BRDA:31,4,1,12
BRDA:51,5,0,18
BRDA:51,5,1,78
BRDA:55,6,0,78
BRDA:55,6,1,30
BRDA:56,7,0,6
BRDA:56,7,1,72
BRDA:56,8,0,72
BRDA:56,8,1,12
BRF:21
BRH:21
end_of_record
TN:
SF:/home/egor_efimov/HEXLET/projects/frontend-project-lvl2/src/index.js
FN:7,(anonymous_0)
FN:13,(anonymous_1)
FNF:2
FNH:2
FNDA:12,(anonymous_0)
FNDA:6,(anonymous_1)
DA:7,1
DA:8,12
DA:9,12
DA:10,12
DA:14,6
DA:15,6
DA:16,6
DA:17,6
DA:18,6
DA:19,6
DA:20,6
DA:21,6
DA:22,6
DA:23,6
LF:14
LH:14
BRF:0
BRH:0
end_of_record
TN:
SF:/home/egor_efimov/HEXLET/projects/frontend-project-lvl2/src/parsers.js
FN:5,(anonymous_0)
FN:6,(anonymous_1)
FN:7,(anonymous_2)
FN:9,(anonymous_3)
FNF:4
FNH:4
FNDA:4,(anonymous_0)
FNDA:4,(anonymous_1)
FNDA:4,(anonymous_2)
FNDA:12,(anonymous_3)
DA:4,1
DA:5,4
DA:6,4
DA:7,4
DA:9,12
LF:5
LH:5
BRF:0
BRH:0
end_of_record
TN:
SF:/home/egor_efimov/HEXLET/projects/frontend-project-lvl2/src/formatters/nested.js
FN:2,(anonymous_0)
FN:10,(anonymous_1)
FN:13,(anonymous_2)
FN:14,(anonymous_3)
FN:17,(anonymous_4)
FN:18,(anonymous_5)
FN:21,(anonymous_6)
FN:22,(anonymous_7)
FN:25,(anonymous_8)
FN:26,(anonymous_9)
FN:29,(anonymous_10)
FN:30,(anonymous_11)
FN:33,(anonymous_12)
FN:35,(anonymous_13)
FNF:14
FNH:14
FNDA:39,(anonymous_0)
FNDA:39,(anonymous_1)
FNDA:15,(anonymous_2)
FNDA:39,(anonymous_3)
FNDA:9,(anonymous_4)
FNDA:24,(anonymous_5)
FNDA:6,(anonymous_6)
FNDA:15,(anonymous_7)
FNDA:9,(anonymous_8)
FNDA:9,(anonymous_9)
FNDA:39,(anonymous_10)
FNDA:87,(anonymous_11)
FNDA:12,(anonymous_12)
FNDA:48,(anonymous_13)
DA:2,1
DA:3,39
DA:4,15
DA:5,15
DA:6,15
DA:8,24
DA:10,39
DA:11,1
DA:13,15
DA:14,39
DA:17,9
DA:18,24
DA:21,6
DA:22,15
DA:25,9
DA:26,9
DA:29,1
DA:30,87
DA:32,1
DA:33,1
DA:34,12
DA:35,12
DA:36,48
DA:37,39
DA:38,39
DA:39,39
DA:41,12
DA:42,12
LF:28
LH:28
BRDA:3,0,0,15
BRDA:3,0,1,24
BRDA:33,1,0,3
BRDA:36,2,0,9
BRDA:36,2,1,39
BRF:5
BRH:5
end_of_record
TN:
SF:/home/egor_efimov/HEXLET/projects/frontend-project-lvl2/src/formatters/plain.js
FN:1,(anonymous_0)
FN:13,(anonymous_1)
FN:14,(anonymous_2)
FN:17,(anonymous_3)
FN:18,(anonymous_4)
FN:21,(anonymous_5)
FN:22,(anonymous_6)
FN:26,(anonymous_7)
FN:27,(anonymous_8)
FN:30,(anonymous_9)
FN:32,(anonymous_10)
FN:34,(anonymous_11)
FN:46,(anonymous_12)
FNF:13
FNH:13
FNDA:33,(anonymous_0)
FNDA:15,(anonymous_1)
FNDA:30,(anonymous_2)
FNDA:9,(anonymous_3)
FNDA:15,(anonymous_4)
FNDA:6,(anonymous_5)
FNDA:6,(anonymous_6)
FNDA:30,(anonymous_7)
FNDA:51,(anonymous_8)
FNDA:48,(anonymous_9)
FNDA:12,(anonymous_10)
FNDA:39,(anonymous_11)
FNDA:3,(anonymous_12)
DA:1,1
DA:2,33
DA:3,12
DA:5,21
DA:6,15
DA:8,6
DA:11,1
DA:13,15
DA:14,30
DA:17,9
DA:18,15
DA:21,6
DA:22,6
DA:26,1
DA:27,51
DA:30,48
DA:32,1
DA:33,12
DA:34,12
DA:35,39
DA:36,39
DA:37,9
DA:39,30
DA:40,30
DA:41,30
DA:43,12
DA:46,3
LF:27
LH:27
BRDA:2,0,0,12
BRDA:2,0,1,21
BRDA:5,1,0,15
BRDA:5,1,1,6
BRDA:30,2,0,48
BRDA:30,2,1,18
BRDA:32,3,0,3
BRDA:32,4,0,3
BRDA:36,5,0,9
BRDA:36,5,1,30
BRF:10
BRH:10
end_of_record
TN:
SF:/home/egor_efimov/HEXLET/projects/frontend-project-lvl2/src/formatters/selector.js
FN:6,(anonymous_0)
FN:7,(anonymous_1)
FN:10,(anonymous_2)
FN:11,(anonymous_3)
FN:15,(anonymous_4)
FN:16,(anonymous_5)
FNF:6
FNH:6
FNDA:3,(anonymous_0)
FNDA:6,(anonymous_1)
FNDA:3,(anonymous_2)
FNDA:3,(anonymous_3)
FNDA:6,(anonymous_4)
FNDA:9,(anonymous_5)
DA:4,1
DA:6,3
DA:7,6
DA:10,3
DA:11,3
DA:15,1
DA:16,9
LF:7
LH:7
BRF:0
BRH:0
end_of_record
