TN:
SF:/home/egor_efimov/HEXLET/projects/frontend-project-lvl2/src/index.js
FN:5,(anonymous_0)
FN:14,(anonymous_1)
FN:16,(anonymous_2)
FNF:3
FNH:3
FNDA:2,(anonymous_0)
FNDA:6,(anonymous_1)
FNDA:10,(anonymous_2)
DA:5,1
DA:6,2
DA:7,2
DA:8,2
DA:9,2
DA:10,2
DA:11,2
DA:12,2
DA:13,2
DA:14,6
DA:15,2
DA:16,2
DA:17,10
DA:18,2
DA:20,8
DA:21,2
DA:23,6
DA:24,4
DA:26,2
DA:28,2
DA:29,2
DA:30,2
LF:22
LH:22
BRDA:17,0,0,2
BRDA:17,0,1,8
BRDA:17,1,0,10
BRDA:17,1,1,6
BRDA:20,2,0,2
BRDA:20,2,1,6
BRDA:20,3,0,8
BRDA:20,3,1,4
BRDA:23,4,0,4
BRDA:23,4,1,2
BRF:10
BRH:10
end_of_record
